===========================
Test cases for 7-base_geometry.py
===========================

Import the class:
    >>> BaseGeometry = __import__('7-base_geometry').BaseGeometry
    >>> bg = BaseGeometry()

Test area method:
    >>> bg.area()
    Traceback (most recent call last):
    ...
    Exception: area() is not implemented

Test valid integers:
    >>> bg.integer_validator("my_int", 12)
    >>> bg.integer_validator("width", 89)
    >>> bg.integer_validator("height", 1)

Test with string:
    >>> bg.integer_validator("name", "John")
    Traceback (most recent call last):
    ...
    TypeError: name must be an integer

Test with zero:
    >>> bg.integer_validator("age", 0)
    Traceback (most recent call last):
    ...
    ValueError: age must be greater than 0

Test with negative number:
    >>> bg.integer_validator("distance", -4)
    Traceback (most recent call last):
    ...
    ValueError: distance must be greater than 0

Test with float:
    >>> bg.integer_validator("average", 3.14)
    Traceback (most recent call last):
    ...
    TypeError: average must be an integer

Test with boolean:
    >>> bg.integer_validator("flag", True)
    Traceback (most recent call last):
    ...
    TypeError: flag must be an integer

Test with None:
    >>> bg.integer_validator("value", None)
    Traceback (most recent call last):
    ...
    TypeError: value must be an integer

Test with list:
    >>> bg.integer_validator("list", [1, 2, 3])
    Traceback (most recent call last):
    ...
    TypeError: list must be an integer

Test with tuple:
    >>> bg.integer_validator("tuple", (1, 2))
    Traceback (most recent call last):
    ...
    TypeError: tuple must be an integer

Test with dict:
    >>> bg.integer_validator("dict", {"key": "value"})
    Traceback (most recent call last):
    ...
    TypeError: dict must be an integer

Test with set:
    >>> bg.integer_validator("age", {3, 4})
    Traceback (most recent call last):
    ...
    TypeError: age must be an integer

Test with no arguments:
    >>> bg.integer_validator()
    Traceback (most recent call last):
    ...
    TypeError: integer_validator() missing 2 required positional arguments: 'name' and 'value'

Test with one argument:
    >>> bg.integer_validator("name")
    Traceback (most recent call last):
    ...
    TypeError: integer_validator() missing 1 required positional argument: 'value'
